Feb 16, 2015 3:38:19 PM com.data_mining.view.console.Outputs printToConsole
INFO: Order of the classes [yes, no]
Feb 16, 2015 3:38:19 PM com.data_mining.view.console.Outputs printToConsole
INFO: r0:bloodPressure>=146.0 --> yes G error 0.4545
r1:oldpeakST>=2.1 --> yes G error 0.4545
r2:bloodSugar>120=1 --> yes G error 0.4545
r3:chestPain=2/\age<65.5 --> yes G error 0.4545
r4:{} --> no G Error 0.4545r4: --> no G error 0.4545

Feb 16, 2015 3:38:19 PM com.data_mining.view.console.Outputs printToConsole
INFO: Train Data
Feb 16, 2015 3:38:19 PM com.data_mining.view.console.Outputs printToConsole
INFO: age		sex		chestPain		bloodPressure		cholestoral		bloodSugar>120		electrocardiographic		maxHeartRate		angina		oldpeakST		slopeST		majorVessels		thal		heartDiseaseheartDisease
70		1		4		130		322		0		2		109		0		2.4		2		3		3		yes
67		0		3		115		564		0		2		160		0		1.6		2		0		7		no
57		1		2		124		261		0		0		141		0		0.3		1		0		7		yes
64		1		4		128		263		0		0		105		1		0.2		2		1		7		no
74		0		2		120		269		0		2		121		1		0.2		1		1		3		no
65		1		4		120		177		0		0		140		0		0.4		1		0		7		no
56		1		3		130		256		1		2		142		1		0.6		2		1		6		yes
59		1		4		110		239		0		2		142		1		1.2		2		1		7		yes
60		1		4		140		293		0		2		170		0		1.2		2		2		7		yes
63		0		4		150		407		0		2		154		0		4.0		2		3		7		yes
59		1		4		135		234		0		0		161		0		0.5		2		0		7		no
53		1		4		142		226		0		2		111		1		0.0		1		0		7		no
44		1		3		140		235		0		2		180		0		0.0		1		0		3		no
61		1		1		134		234		0		0		145		0		2.6		2		2		3		yes
57		0		4		128		303		0		2		159		0		0.0		1		1		3		no
71		0		4		112		149		0		0		125		0		1.6		2		0		3		no
46		1		4		140		311		0		0		120		1		1.8		2		2		7		yes
53		1		4		140		203		1		2		155		1		3.1		3		0		7		yes
64		1		1		110		211		0		2		144		1		1.8		2		0		3		no
40		1		1		140		199		0		0		178		1		1.4		1		0		7		no
40		1		4		152		223		0		0		181		0		0.0		1		0		7		yes

Feb 16, 2015 3:38:19 PM com.data_mining.view.console.Outputs printToConsole
INFO: r0:bloodPressure>=146.00 correct 2 wrong 0
Feb 16, 2015 3:38:19 PM com.data_mining.view.console.Outputs printToConsole
INFO: r1:oldpeakST>=2.11 correct 3 wrong 0
Feb 16, 2015 3:38:19 PM com.data_mining.view.console.Outputs printToConsole
INFO: r2:bloodSugar>120=12 correct 1 wrong 0
Feb 16, 2015 3:38:19 PM com.data_mining.view.console.Outputs printToConsole
INFO: r3:chestPain=2/\age<65.53 correct 1 wrong 0
Feb 16, 2015 3:38:19 PM com.data_mining.view.console.Outputs printToConsole
INFO: r4:4 correct 11 wrong 3
Feb 16, 2015 3:38:19 PM com.data_mining.view.console.Outputs printToConsole
INFO: Accuracy 0.8571428571428571
Feb 16, 2015 3:38:19 PM com.data_mining.view.console.Outputs printToConsole
INFO: Test Data
Feb 16, 2015 3:38:19 PM com.data_mining.view.console.Outputs printToConsole
INFO: age		sex		chestPain		bloodPressure		cholestoral		bloodSugar>120		electrocardiographic		maxHeartRate		angina		oldpeakST		slopeST		majorVessels		thal		heartDiseaseheartDisease
57		1		3		128		229		0		2		150		0		0.4		2		1		7		yes
66		1		4		160		228		0		2		138		0		2.3		1		0		6		no
37		0		3		120		215		0		0		170		0		0.0		1		0		3		no
59		1		4		170		326		0		2		140		1		3.4		3		0		7		yes
50		1		4		144		200		0		2		126		1		0.9		2		0		7		yes
48		1		4		130		256		1		2		150		1		0.0		1		2		7		yes
61		1		4		140		207		0		2		138		1		1.9		1		1		7		yes
59		1		1		160		273		0		2		125		0		0.0		1		0		3		yes
42		1		3		130		180		0		0		150		0		0.0		1		0		3		no
48		1		4		122		222		0		2		186		0		0.0		1		0		3		no
67		1		4		120		229		0		2		129		1		2.6		2		2		7		yes
48		1		2		130		245		0		2		180		0		0.2		2		0		3		no
43		1		4		115		303		0		0		181		0		1.2		2		0		3		no
47		1		4		112		204		0		0		143		0		0.1		1		0		3		no
54		0		2		132		288		1		2		159		1		0.0		1		1		3		no
48		0		3		130		275		0		0		139		0		0.2		1		0		3		no
46		0		4		138		243		0		2		152		1		0.0		2		0		3		no
51		0		3		120		295		0		2		157		0		0.6		1		0		3		no
58		1		3		112		230		0		2		165		0		2.5		2		1		7		yes
71		0		3		110		265		1		2		130		0		0.0		1		1		3		no

Feb 16, 2015 3:38:19 PM com.data_mining.view.console.Outputs printToConsole
INFO: r0:bloodPressure>=146.00 correct 2 wrong 1
Feb 16, 2015 3:38:19 PM com.data_mining.view.console.Outputs printToConsole
INFO: r1:oldpeakST>=2.11 correct 2 wrong 0
Feb 16, 2015 3:38:19 PM com.data_mining.view.console.Outputs printToConsole
INFO: r2:bloodSugar>120=12 correct 1 wrong 2
Feb 16, 2015 3:38:19 PM com.data_mining.view.console.Outputs printToConsole
INFO: r3:chestPain=2/\age<65.53 correct 0 wrong 1
Feb 16, 2015 3:38:19 PM com.data_mining.view.console.Outputs printToConsole
INFO: r4:4 correct 8 wrong 6
Feb 16, 2015 3:38:19 PM com.data_mining.view.console.Outputs printToConsole
INFO: Accuracy 0.65
